TN:
SF:index.js
FN:52,(anonymous_0)
FN:93,(anonymous_1)
FN:129,(anonymous_2)
FN:134,(anonymous_3)
FN:139,(anonymous_4)
FN:162,(anonymous_5)
FN:177,(anonymous_6)
FN:191,(anonymous_7)
FN:210,(anonymous_8)
FN:226,(anonymous_9)
FN:229,(anonymous_10)
FN:254,(anonymous_11)
FN:270,(anonymous_12)
FN:285,(anonymous_13)
FN:323,(anonymous_14)
FN:330,(anonymous_15)
FNF:16
FNH:10
FNDA:5,(anonymous_0)
FNDA:6,(anonymous_1)
FNDA:1,(anonymous_2)
FNDA:1,(anonymous_3)
FNDA:3,(anonymous_4)
FNDA:2,(anonymous_5)
FNDA:2,(anonymous_6)
FNDA:2,(anonymous_7)
FNDA:2,(anonymous_8)
FNDA:1,(anonymous_9)
FNDA:0,(anonymous_10)
FNDA:0,(anonymous_11)
FNDA:0,(anonymous_12)
FNDA:0,(anonymous_13)
FNDA:0,(anonymous_14)
FNDA:0,(anonymous_15)
DA:1,5
DA:2,5
DA:3,5
DA:4,5
DA:5,5
DA:6,5
DA:7,5
DA:8,5
DA:9,5
DA:10,5
DA:11,5
DA:12,5
DA:13,5
DA:14,5
DA:17,5
DA:19,5
DA:20,5
DA:21,5
DA:28,5
DA:29,5
DA:32,5
DA:35,5
DA:42,5
DA:43,5
DA:46,5
DA:47,5
DA:48,5
DA:49,5
DA:52,5
DA:53,5
DA:54,5
DA:57,5
DA:61,4
DA:62,2
DA:66,2
DA:69,2
DA:78,2
DA:81,2
DA:83,2
DA:88,1
DA:89,1
DA:93,5
DA:94,6
DA:95,6
DA:98,6
DA:102,5
DA:103,2
DA:107,3
DA:108,3
DA:109,1
DA:113,2
DA:116,2
DA:118,2
DA:123,1
DA:124,1
DA:129,5
DA:130,1
DA:134,5
DA:135,1
DA:139,5
DA:140,3
DA:141,3
DA:142,3
DA:151,2
DA:152,1
DA:155,1
DA:157,1
DA:158,1
DA:162,5
DA:163,2
DA:164,2
DA:165,2
DA:171,1
DA:173,1
DA:177,5
DA:178,2
DA:179,2
DA:184,1
DA:186,1
DA:191,5
DA:192,2
DA:193,2
DA:194,2
DA:204,1
DA:206,1
DA:210,5
DA:211,2
DA:212,2
DA:217,1
DA:219,1
DA:224,5
DA:226,5
DA:227,1
DA:229,1
DA:230,0
DA:232,0
DA:233,0
DA:235,0
DA:238,0
DA:239,0
DA:254,0
DA:260,0
DA:264,0
DA:270,1
DA:271,0
DA:272,0
DA:273,0
DA:274,0
DA:275,0
DA:277,0
DA:285,1
DA:286,0
DA:288,0
DA:292,0
DA:293,0
DA:294,0
DA:297,0
DA:313,0
DA:319,0
DA:323,1
DA:324,0
DA:329,5
DA:330,0
DA:331,0
DA:335,5
LF:125
LH:99
BRDA:28,0,0,5
BRDA:28,0,1,0
BRDA:29,1,0,5
BRDA:29,1,1,0
BRDA:61,2,0,2
BRDA:61,2,1,2
BRDA:102,3,0,2
BRDA:102,3,1,3
BRDA:108,4,0,1
BRDA:108,4,1,2
BRDA:151,5,0,1
BRDA:151,5,1,1
BRDA:232,6,0,0
BRDA:232,6,1,0
BRDA:272,7,0,0
BRDA:272,7,1,0
BRDA:274,8,0,0
BRDA:274,8,1,0
BRDA:292,9,0,0
BRDA:292,9,1,0
BRDA:329,10,0,0
BRDA:329,10,1,5
BRF:22
BRH:11
end_of_record
TN:
SF:socket.js
FN:7,initializeSocket
FN:9,(anonymous_1)
FN:30,(anonymous_2)
FN:34,(anonymous_3)
FN:43,(anonymous_4)
FN:52,(anonymous_5)
FN:59,(anonymous_6)
FN:66,(anonymous_7)
FN:74,(anonymous_8)
FN:102,(anonymous_9)
FNF:10
FNH:9
FNDA:5,initializeSocket
FNDA:10,(anonymous_1)
FNDA:9,(anonymous_2)
FNDA:3,(anonymous_3)
FNDA:0,(anonymous_4)
FNDA:4,(anonymous_5)
FNDA:1,(anonymous_6)
FNDA:1,(anonymous_7)
FNDA:1,(anonymous_8)
FNDA:9,(anonymous_9)
DA:1,5
DA:2,5
DA:3,5
DA:5,5
DA:9,5
DA:10,10
DA:11,10
DA:12,10
DA:13,1
DA:16,9
DA:17,9
DA:18,0
DA:21,9
DA:22,9
DA:23,9
DA:25,0
DA:26,0
DA:30,5
DA:31,9
DA:34,9
DA:35,3
DA:36,3
DA:38,3
DA:39,3
DA:43,9
DA:44,0
DA:45,0
DA:47,0
DA:48,0
DA:52,9
DA:53,4
DA:54,4
DA:55,4
DA:59,9
DA:60,1
DA:61,1
DA:62,1
DA:66,9
DA:67,1
DA:74,9
DA:75,1
DA:76,1
DA:79,1
DA:80,1
DA:82,1
DA:83,0
DA:84,0
DA:88,1
DA:89,1
DA:92,1
DA:97,0
DA:102,9
DA:103,9
DA:104,9
DA:105,9
DA:106,0
DA:107,0
DA:108,0
DA:114,5
LF:59
LH:46
BRDA:3,0,0,5
BRDA:3,0,1,5
BRDA:5,1,0,5
BRDA:5,1,1,0
BRDA:12,2,0,1
BRDA:12,2,1,9
BRDA:17,3,0,0
BRDA:17,3,1,9
BRDA:17,4,0,9
BRDA:17,4,1,9
BRDA:82,5,0,0
BRDA:82,5,1,1
BRF:12
BRH:9
end_of_record
TN:
SF:middleware/auth.js
FN:6,(anonymous_0)
FNF:1
FNH:1
FNDA:31,(anonymous_0)
DA:1,5
DA:2,5
DA:4,5
DA:6,5
DA:7,31
DA:8,31
DA:9,31
DA:10,9
DA:13,22
DA:14,22
DA:16,22
DA:21,22
DA:22,2
DA:25,20
DA:26,20
DA:28,0
DA:32,5
LF:17
LH:16
BRDA:4,0,0,5
BRDA:4,0,1,0
BRDA:9,1,0,9
BRDA:9,1,1,22
BRDA:9,2,0,31
BRDA:9,2,1,22
BRDA:21,3,0,2
BRDA:21,3,1,20
BRF:8
BRH:7
end_of_record
TN:
SF:routes/groq.js
FN:16,(anonymous_0)
FN:76,(anonymous_1)
FN:158,(anonymous_2)
FN:186,(anonymous_3)
FN:230,(anonymous_4)
FNF:5
FNH:0
FNDA:0,(anonymous_0)
FNDA:0,(anonymous_1)
FNDA:0,(anonymous_2)
FNDA:0,(anonymous_3)
FNDA:0,(anonymous_4)
DA:1,5
DA:2,5
DA:3,5
DA:4,5
DA:5,5
DA:6,5
DA:8,5
DA:13,5
DA:16,5
DA:17,0
DA:18,0
DA:19,0
DA:21,0
DA:22,0
DA:23,0
DA:39,0
DA:40,0
DA:44,0
DA:52,0
DA:53,0
DA:61,0
DA:62,0
DA:65,0
DA:70,0
DA:71,0
DA:76,5
DA:77,0
DA:78,0
DA:79,0
DA:80,0
DA:82,0
DA:83,0
DA:86,0
DA:87,0
DA:88,0
DA:89,0
DA:93,0
DA:94,0
DA:98,0
DA:111,0
DA:118,0
DA:119,0
DA:123,0
DA:135,0
DA:136,0
DA:139,0
DA:152,0
DA:153,0
DA:158,5
DA:159,0
DA:160,0
DA:161,0
DA:164,0
DA:165,0
DA:166,0
DA:170,0
DA:171,0
DA:175,0
DA:180,0
DA:181,0
DA:186,5
DA:187,0
DA:188,0
DA:190,0
DA:194,0
DA:211,0
DA:213,0
DA:215,0
DA:216,0
DA:218,0
DA:224,0
DA:225,0
DA:230,5
DA:231,0
DA:232,0
DA:233,0
DA:236,0
DA:246,0
DA:247,0
DA:251,0
DA:254,0
DA:259,0
DA:271,0
DA:280,0
DA:283,0
DA:291,0
DA:293,0
DA:294,0
DA:298,5
LF:89
LH:14
BRDA:22,0,0,0
BRDA:22,0,1,0
BRDA:27,1,0,0
BRDA:27,1,1,0
BRDA:39,2,0,0
BRDA:39,2,1,0
BRDA:39,3,0,0
BRDA:39,3,1,0
BRDA:87,4,0,0
BRDA:87,4,1,0
BRDA:93,5,0,0
BRDA:93,5,1,0
BRDA:101,6,0,0
BRDA:101,6,1,0
BRDA:118,7,0,0
BRDA:118,7,1,0
BRDA:118,8,0,0
BRDA:118,8,1,0
BRDA:165,9,0,0
BRDA:165,9,1,0
BRDA:170,10,0,0
BRDA:170,10,1,0
BRDA:190,11,0,0
BRDA:190,11,1,0
BRDA:246,12,0,0
BRDA:246,12,1,0
BRDA:262,13,0,0
BRDA:262,13,1,0
BRF:28
BRH:0
end_of_record
TN:
SF:routes/messages.js
FN:7,(anonymous_0)
FN:48,(anonymous_1)
FNF:2
FNH:2
FNDA:2,(anonymous_0)
FNDA:2,(anonymous_1)
DA:1,5
DA:2,5
DA:3,5
DA:4,5
DA:7,5
DA:8,2
DA:9,2
DA:12,2
DA:19,2
DA:20,1
DA:23,1
DA:40,1
DA:42,0
DA:43,0
DA:48,5
DA:49,2
DA:50,2
DA:51,2
DA:54,2
DA:61,2
DA:62,1
DA:65,1
DA:81,1
DA:83,0
DA:84,0
DA:88,5
LF:26
LH:22
BRDA:19,0,0,1
BRDA:19,0,1,1
BRDA:61,1,0,1
BRDA:61,1,1,1
BRF:4
BRH:4
end_of_record
TN:
SF:routes/tasks.js
FN:13,(anonymous_0)
FN:98,(anonymous_1)
FN:149,(anonymous_2)
FN:188,(anonymous_3)
FNF:4
FNH:3
FNDA:2,(anonymous_0)
FNDA:0,(anonymous_1)
FNDA:2,(anonymous_2)
FNDA:3,(anonymous_3)
DA:1,5
DA:2,5
DA:3,5
DA:4,5
DA:5,5
DA:7,5
DA:8,5
DA:13,5
DA:14,2
DA:15,2
DA:16,2
DA:17,2
DA:19,2
DA:20,0
DA:24,2
DA:33,0
DA:34,0
DA:38,0
DA:43,0
DA:63,0
DA:64,0
DA:77,0
DA:78,0
DA:79,0
DA:82,0
DA:83,0
DA:84,0
DA:87,0
DA:88,0
DA:95,0
DA:96,0
DA:97,0
DA:98,0
DA:100,0
DA:101,0
DA:106,0
DA:128,0
DA:129,0
DA:130,0
DA:132,0
DA:135,0
DA:140,2
DA:141,2
DA:149,5
DA:150,2
DA:151,2
DA:152,2
DA:155,2
DA:164,0
DA:165,0
DA:168,0
DA:180,0
DA:182,2
DA:183,2
DA:188,5
DA:189,3
DA:190,3
DA:191,3
DA:192,3
DA:193,3
DA:196,3
DA:205,0
DA:206,0
DA:210,0
DA:214,0
DA:215,0
DA:218,0
DA:219,0
DA:223,0
DA:229,0
DA:230,0
DA:231,0
DA:234,0
DA:236,3
DA:237,3
DA:244,5
LF:76
LH:33
BRDA:19,0,0,0
BRDA:19,0,1,2
BRDA:33,1,0,0
BRDA:33,1,1,0
BRDA:78,2,0,0
BRDA:78,2,1,0
BRDA:83,3,0,0
BRDA:83,3,1,0
BRDA:96,4,0,0
BRDA:96,4,1,0
BRDA:100,5,0,0
BRDA:100,5,1,0
BRDA:109,6,0,0
BRDA:109,6,1,0
BRDA:110,7,0,0
BRDA:110,7,1,0
BRDA:111,8,0,0
BRDA:111,8,1,0
BRDA:129,9,0,0
BRDA:129,9,1,0
BRDA:164,10,0,0
BRDA:164,10,1,0
BRDA:205,11,0,0
BRDA:205,11,1,0
BRDA:214,12,0,0
BRDA:214,12,1,0
BRDA:218,13,0,0
BRDA:218,13,1,0
BRDA:230,14,0,0
BRDA:230,14,1,0
BRF:30
BRH:1
end_of_record
TN:
SF:routes/workspace.js
FN:7,(anonymous_0)
FN:17,(anonymous_1)
FN:57,(anonymous_2)
FN:93,(anonymous_3)
FN:174,(anonymous_4)
FN:181,(anonymous_5)
FN:187,(anonymous_6)
FN:207,(anonymous_7)
FN:265,(anonymous_8)
FNF:9
FNH:4
FNDA:2,(anonymous_0)
FNDA:1,(anonymous_1)
FNDA:1,(anonymous_2)
FNDA:0,(anonymous_3)
FNDA:0,(anonymous_4)
FNDA:0,(anonymous_5)
FNDA:0,(anonymous_6)
FNDA:2,(anonymous_7)
FNDA:0,(anonymous_8)
DA:1,5
DA:2,5
DA:3,5
DA:4,5
DA:7,5
DA:8,2
DA:9,2
DA:10,2
DA:12,2
DA:13,1
DA:17,1
DA:19,1
DA:28,1
DA:46,1
DA:49,1
DA:51,0
DA:52,0
DA:57,5
DA:58,1
DA:59,1
DA:85,1
DA:87,0
DA:88,0
DA:93,5
DA:94,0
DA:95,0
DA:98,0
DA:151,0
DA:152,0
DA:156,0
DA:163,0
DA:164,0
DA:168,0
DA:174,0
DA:181,0
DA:187,0
DA:198,0
DA:199,0
DA:201,0
DA:202,0
DA:207,5
DA:208,2
DA:209,2
DA:210,2
DA:211,2
DA:214,2
DA:222,2
DA:223,1
DA:227,1
DA:234,1
DA:235,0
DA:239,1
DA:257,1
DA:259,0
DA:260,0
DA:265,5
DA:266,0
DA:267,0
DA:270,0
DA:277,0
DA:278,0
DA:281,0
DA:296,0
DA:298,0
DA:299,0
DA:303,5
LF:66
LH:34
BRDA:12,0,0,1
BRDA:12,0,1,1
BRDA:22,1,0,1
BRDA:22,1,1,0
BRDA:151,2,0,0
BRDA:151,2,1,0
BRDA:163,3,0,0
BRDA:163,3,1,0
BRDA:222,4,0,1
BRDA:222,4,1,1
BRDA:234,5,0,0
BRDA:234,5,1,1
BRDA:277,6,0,0
BRDA:277,6,1,0
BRF:14
BRH:6
end_of_record
