TN:
SF:index.js
FN:52,(anonymous_0)
FN:93,(anonymous_1)
FN:129,(anonymous_2)
FN:134,(anonymous_3)
FN:139,(anonymous_4)
FN:162,(anonymous_5)
FN:177,(anonymous_6)
FN:191,(anonymous_7)
FN:210,(anonymous_8)
FN:226,(anonymous_9)
FN:229,(anonymous_10)
FN:254,(anonymous_11)
FN:270,(anonymous_12)
FN:285,(anonymous_13)
FN:323,(anonymous_14)
FN:330,(anonymous_15)
FNF:16
FNH:10
FNDA:5,(anonymous_0)
FNDA:6,(anonymous_1)
FNDA:1,(anonymous_2)
FNDA:1,(anonymous_3)
FNDA:3,(anonymous_4)
FNDA:2,(anonymous_5)
FNDA:2,(anonymous_6)
FNDA:2,(anonymous_7)
FNDA:2,(anonymous_8)
FNDA:1,(anonymous_9)
FNDA:0,(anonymous_10)
FNDA:0,(anonymous_11)
FNDA:0,(anonymous_12)
FNDA:0,(anonymous_13)
FNDA:0,(anonymous_14)
FNDA:0,(anonymous_15)
DA:1,6
DA:2,6
DA:3,6
DA:4,6
DA:5,6
DA:6,6
DA:7,6
DA:8,6
DA:9,6
DA:10,6
DA:11,6
DA:12,6
DA:13,6
DA:14,6
DA:17,6
DA:19,6
DA:20,6
DA:21,6
DA:28,6
DA:29,6
DA:32,6
DA:35,6
DA:42,6
DA:43,6
DA:46,6
DA:47,6
DA:48,6
DA:49,6
DA:52,6
DA:53,5
DA:54,5
DA:57,5
DA:61,4
DA:62,2
DA:66,2
DA:69,2
DA:78,2
DA:81,2
DA:83,2
DA:88,1
DA:89,1
DA:93,6
DA:94,6
DA:95,6
DA:98,6
DA:102,5
DA:103,2
DA:107,3
DA:108,3
DA:109,1
DA:113,2
DA:116,2
DA:118,2
DA:123,1
DA:124,1
DA:129,6
DA:130,1
DA:134,6
DA:135,1
DA:139,6
DA:140,3
DA:141,3
DA:142,3
DA:151,2
DA:152,1
DA:155,1
DA:157,1
DA:158,1
DA:162,6
DA:163,2
DA:164,2
DA:165,2
DA:171,1
DA:173,1
DA:177,6
DA:178,2
DA:179,2
DA:184,1
DA:186,1
DA:191,6
DA:192,2
DA:193,2
DA:194,2
DA:204,1
DA:206,1
DA:210,6
DA:211,2
DA:212,2
DA:217,1
DA:219,1
DA:224,6
DA:226,6
DA:227,1
DA:229,1
DA:230,0
DA:232,0
DA:233,0
DA:235,0
DA:238,0
DA:239,0
DA:254,0
DA:260,0
DA:264,0
DA:270,1
DA:271,0
DA:272,0
DA:273,0
DA:274,0
DA:275,0
DA:277,0
DA:285,1
DA:286,0
DA:288,0
DA:292,0
DA:293,0
DA:294,0
DA:297,0
DA:313,0
DA:319,0
DA:323,1
DA:324,0
DA:329,6
DA:330,0
DA:331,0
DA:335,6
LF:125
LH:99
BRDA:28,0,0,6
BRDA:28,0,1,0
BRDA:29,1,0,6
BRDA:29,1,1,0
BRDA:61,2,0,2
BRDA:61,2,1,2
BRDA:102,3,0,2
BRDA:102,3,1,3
BRDA:108,4,0,1
BRDA:108,4,1,2
BRDA:151,5,0,1
BRDA:151,5,1,1
BRDA:232,6,0,0
BRDA:232,6,1,0
BRDA:272,7,0,0
BRDA:272,7,1,0
BRDA:274,8,0,0
BRDA:274,8,1,0
BRDA:292,9,0,0
BRDA:292,9,1,0
BRDA:329,10,0,0
BRDA:329,10,1,6
BRF:22
BRH:11
end_of_record
TN:
SF:socket.js
FN:7,initializeSocket
FN:9,(anonymous_1)
FN:30,(anonymous_2)
FN:34,(anonymous_3)
FN:43,(anonymous_4)
FN:52,(anonymous_5)
FN:59,(anonymous_6)
FN:66,(anonymous_7)
FN:74,(anonymous_8)
FN:102,(anonymous_9)
FNF:10
FNH:9
FNDA:6,initializeSocket
FNDA:10,(anonymous_1)
FNDA:9,(anonymous_2)
FNDA:3,(anonymous_3)
FNDA:0,(anonymous_4)
FNDA:4,(anonymous_5)
FNDA:1,(anonymous_6)
FNDA:1,(anonymous_7)
FNDA:1,(anonymous_8)
FNDA:9,(anonymous_9)
DA:1,6
DA:2,6
DA:3,6
DA:5,6
DA:9,6
DA:10,10
DA:11,10
DA:12,10
DA:13,1
DA:16,9
DA:17,9
DA:18,0
DA:21,9
DA:22,9
DA:23,9
DA:25,0
DA:26,0
DA:30,6
DA:31,9
DA:34,9
DA:35,3
DA:36,3
DA:38,3
DA:39,3
DA:43,9
DA:44,0
DA:45,0
DA:47,0
DA:48,0
DA:52,9
DA:53,4
DA:54,4
DA:55,4
DA:59,9
DA:60,1
DA:61,1
DA:62,1
DA:66,9
DA:67,1
DA:74,9
DA:75,1
DA:76,1
DA:79,1
DA:80,1
DA:82,1
DA:83,0
DA:84,0
DA:88,1
DA:89,1
DA:92,1
DA:97,0
DA:102,9
DA:103,9
DA:104,9
DA:105,9
DA:106,0
DA:107,0
DA:108,0
DA:114,6
LF:59
LH:46
BRDA:3,0,0,6
BRDA:3,0,1,6
BRDA:5,1,0,6
BRDA:5,1,1,0
BRDA:12,2,0,1
BRDA:12,2,1,9
BRDA:17,3,0,0
BRDA:17,3,1,9
BRDA:17,4,0,9
BRDA:17,4,1,9
BRDA:82,5,0,0
BRDA:82,5,1,1
BRF:12
BRH:9
end_of_record
TN:
SF:middleware/auth.js
FN:6,(anonymous_0)
FNF:1
FNH:1
FNDA:49,(anonymous_0)
DA:1,6
DA:2,6
DA:4,6
DA:6,6
DA:7,49
DA:8,49
DA:9,49
DA:10,49
DA:11,9
DA:12,9
DA:15,40
DA:16,40
DA:18,40
DA:19,40
DA:21,40
DA:25,40
DA:27,40
DA:28,1
DA:29,1
DA:32,39
DA:33,39
DA:35,0
DA:36,0
DA:40,6
LF:24
LH:22
BRDA:4,0,0,6
BRDA:4,0,1,0
BRDA:10,1,0,9
BRDA:10,1,1,40
BRDA:10,2,0,49
BRDA:10,2,1,40
BRDA:27,3,0,1
BRDA:27,3,1,39
BRF:8
BRH:7
end_of_record
TN:
SF:routes/groq.js
FN:16,(anonymous_0)
FN:76,(anonymous_1)
FN:158,(anonymous_2)
FN:186,(anonymous_3)
FN:230,(anonymous_4)
FNF:5
FNH:3
FNDA:2,(anonymous_0)
FNDA:2,(anonymous_1)
FNDA:2,(anonymous_2)
FNDA:0,(anonymous_3)
FNDA:0,(anonymous_4)
DA:1,6
DA:2,6
DA:3,6
DA:4,6
DA:5,6
DA:6,6
DA:8,6
DA:13,6
DA:16,6
DA:17,2
DA:18,2
DA:19,2
DA:21,2
DA:22,2
DA:23,1
DA:39,1
DA:40,1
DA:44,1
DA:52,2
DA:53,2
DA:61,2
DA:62,2
DA:65,2
DA:70,0
DA:71,0
DA:76,6
DA:77,2
DA:78,2
DA:79,2
DA:80,2
DA:82,2
DA:83,2
DA:86,2
DA:87,2
DA:88,1
DA:89,1
DA:93,1
DA:94,0
DA:98,1
DA:111,1
DA:118,1
DA:119,0
DA:123,1
DA:135,1
DA:136,1
DA:139,1
DA:152,0
DA:153,0
DA:158,6
DA:159,2
DA:160,2
DA:161,2
DA:164,2
DA:165,2
DA:166,1
DA:170,1
DA:171,0
DA:175,1
DA:180,0
DA:181,0
DA:186,6
DA:187,0
DA:188,0
DA:190,0
DA:194,0
DA:211,0
DA:213,0
DA:215,0
DA:216,0
DA:218,0
DA:224,0
DA:225,0
DA:230,6
DA:231,0
DA:232,0
DA:233,0
DA:236,0
DA:246,0
DA:247,0
DA:251,0
DA:254,0
DA:259,0
DA:271,0
DA:280,0
DA:283,0
DA:291,0
DA:293,0
DA:294,0
DA:298,6
LF:89
LH:54
BRDA:22,0,0,1
BRDA:22,0,1,1
BRDA:27,1,0,1
BRDA:27,1,1,0
BRDA:39,2,0,1
BRDA:39,2,1,0
BRDA:39,3,0,1
BRDA:39,3,1,1
BRDA:87,4,0,1
BRDA:87,4,1,1
BRDA:93,5,0,0
BRDA:93,5,1,1
BRDA:101,6,0,1
BRDA:101,6,1,0
BRDA:118,7,0,0
BRDA:118,7,1,1
BRDA:118,8,0,1
BRDA:118,8,1,1
BRDA:165,9,0,1
BRDA:165,9,1,1
BRDA:170,10,0,0
BRDA:170,10,1,1
BRDA:190,11,0,0
BRDA:190,11,1,0
BRDA:246,12,0,0
BRDA:246,12,1,0
BRDA:262,13,0,0
BRDA:262,13,1,0
BRF:28
BRH:16
end_of_record
TN:
SF:routes/messages.js
FN:7,(anonymous_0)
FN:48,(anonymous_1)
FNF:2
FNH:2
FNDA:2,(anonymous_0)
FNDA:2,(anonymous_1)
DA:1,6
DA:2,6
DA:3,6
DA:4,6
DA:7,6
DA:8,2
DA:9,2
DA:12,2
DA:19,2
DA:20,1
DA:23,1
DA:40,1
DA:42,0
DA:43,0
DA:48,6
DA:49,2
DA:50,2
DA:51,2
DA:54,2
DA:61,2
DA:62,1
DA:65,1
DA:81,1
DA:83,0
DA:84,0
DA:88,6
LF:26
LH:22
BRDA:19,0,0,1
BRDA:19,0,1,1
BRDA:61,1,0,1
BRDA:61,1,1,1
BRF:4
BRH:4
end_of_record
TN:
SF:routes/tasks.js
FN:13,(anonymous_0)
FN:96,(anonymous_1)
FN:146,(anonymous_2)
FN:188,(anonymous_3)
FNF:4
FNH:3
FNDA:7,(anonymous_0)
FNDA:0,(anonymous_1)
FNDA:3,(anonymous_2)
FNDA:4,(anonymous_3)
DA:1,6
DA:2,6
DA:3,6
DA:4,6
DA:5,6
DA:7,6
DA:8,6
DA:13,6
DA:14,7
DA:15,7
DA:16,7
DA:17,7
DA:19,7
DA:20,1
DA:24,6
DA:33,0
DA:34,0
DA:38,0
DA:44,0
DA:45,0
DA:75,0
DA:76,0
DA:77,0
DA:80,0
DA:81,0
DA:82,0
DA:85,0
DA:86,0
DA:93,0
DA:94,0
DA:95,0
DA:96,0
DA:98,0
DA:99,0
DA:104,0
DA:105,0
DA:123,0
DA:125,0
DA:130,0
DA:131,0
DA:137,6
DA:138,6
DA:146,6
DA:147,3
DA:148,3
DA:149,3
DA:152,3
DA:161,0
DA:162,0
DA:166,0
DA:177,0
DA:179,3
DA:180,3
DA:188,6
DA:189,4
DA:190,4
DA:191,4
DA:192,4
DA:193,4
DA:196,4
DA:205,0
DA:206,0
DA:210,0
DA:214,0
DA:215,0
DA:218,0
DA:219,0
DA:223,0
DA:229,0
DA:230,0
DA:231,0
DA:234,0
DA:236,4
DA:237,4
DA:244,6
LF:75
LH:34
BRDA:19,0,0,1
BRDA:19,0,1,6
BRDA:33,1,0,0
BRDA:33,1,1,0
BRDA:76,2,0,0
BRDA:76,2,1,0
BRDA:81,3,0,0
BRDA:81,3,1,0
BRDA:94,4,0,0
BRDA:94,4,1,0
BRDA:98,5,0,0
BRDA:98,5,1,0
BRDA:108,6,0,0
BRDA:108,6,1,0
BRDA:112,7,0,0
BRDA:112,7,1,0
BRDA:113,8,0,0
BRDA:113,8,1,0
BRDA:161,9,0,0
BRDA:161,9,1,0
BRDA:205,10,0,0
BRDA:205,10,1,0
BRDA:214,11,0,0
BRDA:214,11,1,0
BRDA:218,12,0,0
BRDA:218,12,1,0
BRDA:230,13,0,0
BRDA:230,13,1,0
BRF:28
BRH:2
end_of_record
TN:
SF:routes/workspace.js
FN:7,(anonymous_0)
FN:17,(anonymous_1)
FN:57,(anonymous_2)
FN:93,(anonymous_3)
FN:174,(anonymous_4)
FN:181,(anonymous_5)
FN:187,(anonymous_6)
FN:207,(anonymous_7)
FN:274,(anonymous_8)
FN:313,(anonymous_9)
FNF:10
FNH:6
FNDA:2,(anonymous_0)
FNDA:1,(anonymous_1)
FNDA:1,(anonymous_2)
FNDA:0,(anonymous_3)
FNDA:0,(anonymous_4)
FNDA:0,(anonymous_5)
FNDA:0,(anonymous_6)
FNDA:2,(anonymous_7)
FNDA:3,(anonymous_8)
FNDA:3,(anonymous_9)
DA:1,6
DA:2,6
DA:3,6
DA:4,6
DA:7,6
DA:8,2
DA:9,2
DA:10,2
DA:12,2
DA:13,1
DA:17,1
DA:19,1
DA:28,1
DA:46,1
DA:49,1
DA:51,0
DA:52,0
DA:57,6
DA:58,1
DA:59,1
DA:85,1
DA:87,0
DA:88,0
DA:93,6
DA:94,0
DA:95,0
DA:98,0
DA:151,0
DA:152,0
DA:156,0
DA:163,0
DA:164,0
DA:168,0
DA:174,0
DA:181,0
DA:187,0
DA:198,0
DA:199,0
DA:201,0
DA:202,0
DA:207,6
DA:208,2
DA:209,2
DA:210,2
DA:211,2
DA:214,2
DA:222,2
DA:223,1
DA:227,1
DA:231,1
DA:232,0
DA:236,1
DA:243,1
DA:244,0
DA:248,1
DA:266,1
DA:268,0
DA:269,0
DA:274,6
DA:275,3
DA:276,3
DA:279,3
DA:286,2
DA:287,1
DA:290,1
DA:305,1
DA:307,1
DA:308,1
DA:313,6
DA:314,3
DA:315,3
DA:316,3
DA:319,3
DA:327,3
DA:328,0
DA:332,3
DA:339,3
DA:340,2
DA:344,1
DA:353,1
DA:355,0
DA:356,0
DA:360,6
LF:83
LH:56
BRDA:12,0,0,1
BRDA:12,0,1,1
BRDA:22,1,0,1
BRDA:22,1,1,0
BRDA:151,2,0,0
BRDA:151,2,1,0
BRDA:163,3,0,0
BRDA:163,3,1,0
BRDA:222,4,0,1
BRDA:222,4,1,1
BRDA:231,5,0,0
BRDA:231,5,1,1
BRDA:243,6,0,0
BRDA:243,6,1,1
BRDA:286,7,0,1
BRDA:286,7,1,1
BRDA:327,8,0,0
BRDA:327,8,1,3
BRDA:339,9,0,2
BRDA:339,9,1,1
BRF:20
BRH:12
end_of_record
